<?xml version="1.0" encoding="UTF-8"?>
<!-- Generated by org.testng.reporters.JUnitReportReporter -->
<testsuite skipped="0" hostname="DESKTOP-9IA1RTS" name="org.start.Project102.One" tests="2" failures="0" timestamp="30 Mar 2018 20:35:31 GMT" time="0.013" errors="0">
  <testcase name="one_tc2" time="0.002" classname="org.start.Project102.One"/>
  <testcase name="one_tc1" time="0.011" classname="org.start.Project102.One"/>
</testsuite> <!-- org.start.Project102.One -->
