<?xml version="1.0" encoding="UTF-8"?>
<!-- Generated by org.testng.reporters.JUnitReportReporter -->
<testsuite skipped="0" hostname="DESKTOP-9IA1RTS" name="org.start.Project102.OneTest" tests="2" failures="0" timestamp="30 Mar 2018 20:34:29 GMT" time="0.015" errors="0">
  <testcase name="one_tc2" time="0.000" classname="org.start.Project102.OneTest"/>
  <testcase name="one_tc1" time="0.015" classname="org.start.Project102.OneTest"/>
</testsuite> <!-- org.start.Project102.OneTest -->
