<?xml version="1.0" encoding="UTF-8"?>
<!-- Generated by org.testng.reporters.JUnitReportReporter -->
<testsuite skipped="0" hostname="DESKTOP-9IA1RTS" name="org.start.Project102.One" tests="3" failures="0" timestamp="01 Apr 2018 10:47:41 GMT" time="9.477" errors="0">
  <testcase name="sg" time="9.477" classname="org.start.Project102.One"/>
  <testcase name="one_tc1" time="0.000" classname="org.start.Project102.One"/>
  <testcase name="one_tc2" time="0.000" classname="org.start.Project102.One"/>
</testsuite> <!-- org.start.Project102.One -->
