<?xml version="1.0" encoding="UTF-8"?>
<!-- Generated by org.testng.reporters.JUnitReportReporter -->
<testsuite skipped="0" hostname="DESKTOP-9IA1RTS" name="org.start.Project102.Two" tests="2" failures="0" timestamp="30 Mar 2018 20:35:44 GMT" time="0.000" errors="0">
  <testcase name="two_tc3" time="0.000" classname="org.start.Project102.Two"/>
  <testcase name="two_tc4" time="0.000" classname="org.start.Project102.Two"/>
</testsuite> <!-- org.start.Project102.Two -->
