<?xml version="1.0" encoding="UTF-8"?>
<!-- Generated by org.testng.reporters.JUnitReportReporter -->
<testsuite skipped="0" hostname="DESKTOP-9IA1RTS" name="org.start.Project102.Two" tests="2" failures="0" timestamp="01 Apr 2018 10:47:41 GMT" time="0.015" errors="0">
  <testcase name="two_tc3" time="0.015" classname="org.start.Project102.Two"/>
  <testcase name="two_tc4" time="0.000" classname="org.start.Project102.Two"/>
</testsuite> <!-- org.start.Project102.Two -->
